CRITICAL - 2024-03-10 05:00:07 --> CodeIgniter\Encryption\Exceptions\EncryptionException: Unable to find an available "OpenSSL" encryption handler.
in SYSTEMPATH\Encryption\Encryption.php on line 98.
 1 SYSTEMPATH\Encryption\Encryption.php(98): CodeIgniter\Encryption\Exceptions\EncryptionException::forNoHandlerAvailable('OpenSSL')
 2 SYSTEMPATH\Config\Services.php(250): CodeIgniter\Encryption\Encryption->__construct(Object(Config\Encryption))
 3 SYSTEMPATH\Config\BaseService.php(258): CodeIgniter\Config\Services::encrypter()
 4 APPPATH\Controllers\MoAjax.php(82): CodeIgniter\Config\BaseService::__callStatic('encrypter', [])
 5 SYSTEMPATH\CodeIgniter.php(941): App\Controllers\MoAjax->signUp()
 6 SYSTEMPATH\CodeIgniter.php(502): CodeIgniter\CodeIgniter->runController(Object(App\Controllers\MoAjax))
 7 SYSTEMPATH\CodeIgniter.php(361): CodeIgniter\CodeIgniter->handleRequest(null, Object(Config\Cache), false)
 8 FCPATH\index.php(79): CodeIgniter\CodeIgniter->run()
 9 SYSTEMPATH\Commands\Server\rewrite.php(47): require_once('C:\\matchpi\\matchfy\\index.php')
CRITICAL - 2024-03-10 05:02:01 --> CodeIgniter\Encryption\Exceptions\EncryptionException: Unable to find an available "OpenSSL" encryption handler.
in SYSTEMPATH\Encryption\Encryption.php on line 98.
 1 SYSTEMPATH\Encryption\Encryption.php(98): CodeIgniter\Encryption\Exceptions\EncryptionException::forNoHandlerAvailable('OpenSSL')
 2 SYSTEMPATH\Config\Services.php(250): CodeIgniter\Encryption\Encryption->__construct(Object(Config\Encryption))
 3 SYSTEMPATH\Config\BaseService.php(258): CodeIgniter\Config\Services::encrypter()
 4 APPPATH\Controllers\MoAjax.php(82): CodeIgniter\Config\BaseService::__callStatic('encrypter', [])
 5 SYSTEMPATH\CodeIgniter.php(941): App\Controllers\MoAjax->signUp()
 6 SYSTEMPATH\CodeIgniter.php(502): CodeIgniter\CodeIgniter->runController(Object(App\Controllers\MoAjax))
 7 SYSTEMPATH\CodeIgniter.php(361): CodeIgniter\CodeIgniter->handleRequest(null, Object(Config\Cache), false)
 8 FCPATH\index.php(79): CodeIgniter\CodeIgniter->run()
 9 SYSTEMPATH\Commands\Server\rewrite.php(47): require_once('C:\\matchpi\\matchfy\\index.php')
CRITICAL - 2024-03-10 05:02:36 --> CodeIgniter\Encryption\Exceptions\EncryptionException: Unable to find an available "OpenSSL" encryption handler.
in SYSTEMPATH\Encryption\Encryption.php on line 98.
 1 SYSTEMPATH\Encryption\Encryption.php(98): CodeIgniter\Encryption\Exceptions\EncryptionException::forNoHandlerAvailable('OpenSSL')
 2 SYSTEMPATH\Config\Services.php(250): CodeIgniter\Encryption\Encryption->__construct(Object(Config\Encryption))
 3 SYSTEMPATH\Config\BaseService.php(258): CodeIgniter\Config\Services::encrypter()
 4 APPPATH\Controllers\MoAjax.php(82): CodeIgniter\Config\BaseService::__callStatic('encrypter', [])
 5 SYSTEMPATH\CodeIgniter.php(941): App\Controllers\MoAjax->signUp()
 6 SYSTEMPATH\CodeIgniter.php(502): CodeIgniter\CodeIgniter->runController(Object(App\Controllers\MoAjax))
 7 SYSTEMPATH\CodeIgniter.php(361): CodeIgniter\CodeIgniter->handleRequest(null, Object(Config\Cache), false)
 8 FCPATH\index.php(79): CodeIgniter\CodeIgniter->run()
 9 SYSTEMPATH\Commands\Server\rewrite.php(47): require_once('C:\\matchpi\\matchfy\\index.php')
CRITICAL - 2024-03-10 05:04:32 --> CodeIgniter\Encryption\Exceptions\EncryptionException: Unable to find an available "OpenSSL" encryption handler.
in SYSTEMPATH\Encryption\Encryption.php on line 98.
 1 SYSTEMPATH\Encryption\Encryption.php(98): CodeIgniter\Encryption\Exceptions\EncryptionException::forNoHandlerAvailable('OpenSSL')
 2 SYSTEMPATH\Config\Services.php(250): CodeIgniter\Encryption\Encryption->__construct(Object(Config\Encryption))
 3 SYSTEMPATH\Config\BaseService.php(258): CodeIgniter\Config\Services::encrypter()
 4 APPPATH\Controllers\MoAjax.php(82): CodeIgniter\Config\BaseService::__callStatic('encrypter', [])
 5 SYSTEMPATH\CodeIgniter.php(941): App\Controllers\MoAjax->signUp()
 6 SYSTEMPATH\CodeIgniter.php(502): CodeIgniter\CodeIgniter->runController(Object(App\Controllers\MoAjax))
 7 SYSTEMPATH\CodeIgniter.php(361): CodeIgniter\CodeIgniter->handleRequest(null, Object(Config\Cache), false)
 8 FCPATH\index.php(79): CodeIgniter\CodeIgniter->run()
 9 SYSTEMPATH\Commands\Server\rewrite.php(47): require_once('C:\\matchpi\\matchfy\\index.php')
CRITICAL - 2024-03-10 05:04:36 --> CodeIgniter\Encryption\Exceptions\EncryptionException: Unable to find an available "OpenSSL" encryption handler.
in SYSTEMPATH\Encryption\Encryption.php on line 98.
 1 SYSTEMPATH\Encryption\Encryption.php(98): CodeIgniter\Encryption\Exceptions\EncryptionException::forNoHandlerAvailable('OpenSSL')
 2 SYSTEMPATH\Config\Services.php(250): CodeIgniter\Encryption\Encryption->__construct(Object(Config\Encryption))
 3 SYSTEMPATH\Config\BaseService.php(258): CodeIgniter\Config\Services::encrypter()
 4 APPPATH\Controllers\MoAjax.php(82): CodeIgniter\Config\BaseService::__callStatic('encrypter', [])
 5 SYSTEMPATH\CodeIgniter.php(941): App\Controllers\MoAjax->signUp()
 6 SYSTEMPATH\CodeIgniter.php(502): CodeIgniter\CodeIgniter->runController(Object(App\Controllers\MoAjax))
 7 SYSTEMPATH\CodeIgniter.php(361): CodeIgniter\CodeIgniter->handleRequest(null, Object(Config\Cache), false)
 8 FCPATH\index.php(79): CodeIgniter\CodeIgniter->run()
 9 SYSTEMPATH\Commands\Server\rewrite.php(47): require_once('C:\\matchpi\\matchfy\\index.php')
CRITICAL - 2024-03-10 05:06:27 --> CodeIgniter\Encryption\Exceptions\EncryptionException: Unable to find an available "OpenSSL" encryption handler.
in SYSTEMPATH\Encryption\Encryption.php on line 98.
 1 SYSTEMPATH\Encryption\Encryption.php(98): CodeIgniter\Encryption\Exceptions\EncryptionException::forNoHandlerAvailable('OpenSSL')
 2 SYSTEMPATH\Config\Services.php(250): CodeIgniter\Encryption\Encryption->__construct(Object(Config\Encryption))
 3 SYSTEMPATH\Config\BaseService.php(258): CodeIgniter\Config\Services::encrypter()
 4 APPPATH\Controllers\MoAjax.php(82): CodeIgniter\Config\BaseService::__callStatic('encrypter', [])
 5 SYSTEMPATH\CodeIgniter.php(941): App\Controllers\MoAjax->signUp()
 6 SYSTEMPATH\CodeIgniter.php(502): CodeIgniter\CodeIgniter->runController(Object(App\Controllers\MoAjax))
 7 SYSTEMPATH\CodeIgniter.php(361): CodeIgniter\CodeIgniter->handleRequest(null, Object(Config\Cache), false)
 8 FCPATH\index.php(79): CodeIgniter\CodeIgniter->run()
 9 SYSTEMPATH\Commands\Server\rewrite.php(47): require_once('C:\\matchpi\\matchfy\\index.php')
CRITICAL - 2024-03-10 05:06:40 --> CodeIgniter\Encryption\Exceptions\EncryptionException: Unable to find an available "OpenSSL" encryption handler.
in SYSTEMPATH\Encryption\Encryption.php on line 98.
 1 SYSTEMPATH\Encryption\Encryption.php(98): CodeIgniter\Encryption\Exceptions\EncryptionException::forNoHandlerAvailable('OpenSSL')
 2 SYSTEMPATH\Config\Services.php(250): CodeIgniter\Encryption\Encryption->__construct(Object(Config\Encryption))
 3 SYSTEMPATH\Config\BaseService.php(258): CodeIgniter\Config\Services::encrypter()
 4 APPPATH\Controllers\MoAjax.php(82): CodeIgniter\Config\BaseService::__callStatic('encrypter', [])
 5 SYSTEMPATH\CodeIgniter.php(941): App\Controllers\MoAjax->signUp()
 6 SYSTEMPATH\CodeIgniter.php(502): CodeIgniter\CodeIgniter->runController(Object(App\Controllers\MoAjax))
 7 SYSTEMPATH\CodeIgniter.php(361): CodeIgniter\CodeIgniter->handleRequest(null, Object(Config\Cache), false)
 8 FCPATH\index.php(79): CodeIgniter\CodeIgniter->run()
 9 SYSTEMPATH\Commands\Server\rewrite.php(47): require_once('C:\\matchpi\\matchfy\\index.php')
CRITICAL - 2024-03-10 05:07:20 --> CodeIgniter\Encryption\Exceptions\EncryptionException: Unable to find an available "OpenSSL" encryption handler.
in SYSTEMPATH\Encryption\Encryption.php on line 98.
 1 SYSTEMPATH\Encryption\Encryption.php(98): CodeIgniter\Encryption\Exceptions\EncryptionException::forNoHandlerAvailable('OpenSSL')
 2 SYSTEMPATH\Config\Services.php(250): CodeIgniter\Encryption\Encryption->__construct(Object(Config\Encryption))
 3 SYSTEMPATH\Config\BaseService.php(258): CodeIgniter\Config\Services::encrypter()
 4 APPPATH\Controllers\MoAjax.php(82): CodeIgniter\Config\BaseService::__callStatic('encrypter', [])
 5 SYSTEMPATH\CodeIgniter.php(941): App\Controllers\MoAjax->signUp()
 6 SYSTEMPATH\CodeIgniter.php(502): CodeIgniter\CodeIgniter->runController(Object(App\Controllers\MoAjax))
 7 SYSTEMPATH\CodeIgniter.php(361): CodeIgniter\CodeIgniter->handleRequest(null, Object(Config\Cache), false)
 8 FCPATH\index.php(79): CodeIgniter\CodeIgniter->run()
 9 SYSTEMPATH\Commands\Server\rewrite.php(47): require_once('C:\\matchpi\\matchfy\\index.php')
CRITICAL - 2024-03-10 05:07:25 --> CodeIgniter\Encryption\Exceptions\EncryptionException: Unable to find an available "OpenSSL" encryption handler.
in SYSTEMPATH\Encryption\Encryption.php on line 98.
 1 SYSTEMPATH\Encryption\Encryption.php(98): CodeIgniter\Encryption\Exceptions\EncryptionException::forNoHandlerAvailable('OpenSSL')
 2 SYSTEMPATH\Config\Services.php(250): CodeIgniter\Encryption\Encryption->__construct(Object(Config\Encryption))
 3 SYSTEMPATH\Config\BaseService.php(258): CodeIgniter\Config\Services::encrypter()
 4 APPPATH\Controllers\MoAjax.php(82): CodeIgniter\Config\BaseService::__callStatic('encrypter', [])
 5 SYSTEMPATH\CodeIgniter.php(941): App\Controllers\MoAjax->signUp()
 6 SYSTEMPATH\CodeIgniter.php(502): CodeIgniter\CodeIgniter->runController(Object(App\Controllers\MoAjax))
 7 SYSTEMPATH\CodeIgniter.php(361): CodeIgniter\CodeIgniter->handleRequest(null, Object(Config\Cache), false)
 8 FCPATH\index.php(79): CodeIgniter\CodeIgniter->run()
 9 SYSTEMPATH\Commands\Server\rewrite.php(47): require_once('C:\\matchpi\\matchfy\\index.php')
CRITICAL - 2024-03-10 05:10:08 --> CodeIgniter\Encryption\Exceptions\EncryptionException: Unable to find an available "OpenSSL" encryption handler.
in SYSTEMPATH\Encryption\Encryption.php on line 98.
 1 SYSTEMPATH\Encryption\Encryption.php(98): CodeIgniter\Encryption\Exceptions\EncryptionException::forNoHandlerAvailable('OpenSSL')
 2 SYSTEMPATH\Config\Services.php(250): CodeIgniter\Encryption\Encryption->__construct(Object(Config\Encryption))
 3 SYSTEMPATH\Config\BaseService.php(258): CodeIgniter\Config\Services::encrypter()
 4 APPPATH\Controllers\MoAjax.php(82): CodeIgniter\Config\BaseService::__callStatic('encrypter', [])
 5 SYSTEMPATH\CodeIgniter.php(941): App\Controllers\MoAjax->signUp()
 6 SYSTEMPATH\CodeIgniter.php(502): CodeIgniter\CodeIgniter->runController(Object(App\Controllers\MoAjax))
 7 SYSTEMPATH\CodeIgniter.php(361): CodeIgniter\CodeIgniter->handleRequest(null, Object(Config\Cache), false)
 8 FCPATH\index.php(79): CodeIgniter\CodeIgniter->run()
 9 SYSTEMPATH\Commands\Server\rewrite.php(47): require_once('C:\\matchpi\\matchfy\\index.php')
CRITICAL - 2024-03-10 05:11:56 --> CodeIgniter\Encryption\Exceptions\EncryptionException: Unable to find an available "OpenSSL" encryption handler.
in SYSTEMPATH\Encryption\Encryption.php on line 98.
 1 SYSTEMPATH\Encryption\Encryption.php(98): CodeIgniter\Encryption\Exceptions\EncryptionException::forNoHandlerAvailable('OpenSSL')
 2 SYSTEMPATH\Config\Services.php(250): CodeIgniter\Encryption\Encryption->__construct(Object(Config\Encryption))
 3 SYSTEMPATH\Config\BaseService.php(258): CodeIgniter\Config\Services::encrypter()
 4 APPPATH\Controllers\MoAjax.php(82): CodeIgniter\Config\BaseService::__callStatic('encrypter', [])
 5 SYSTEMPATH\CodeIgniter.php(941): App\Controllers\MoAjax->signUp()
 6 SYSTEMPATH\CodeIgniter.php(502): CodeIgniter\CodeIgniter->runController(Object(App\Controllers\MoAjax))
 7 SYSTEMPATH\CodeIgniter.php(361): CodeIgniter\CodeIgniter->handleRequest(null, Object(Config\Cache), false)
 8 FCPATH\index.php(79): CodeIgniter\CodeIgniter->run()
 9 SYSTEMPATH\Commands\Server\rewrite.php(47): require_once('C:\\matchpi\\matchfy\\index.php')
CRITICAL - 2024-03-10 05:12:38 --> CodeIgniter\Encryption\Exceptions\EncryptionException: Unable to find an available "OpenSSL" encryption handler.
in SYSTEMPATH\Encryption\Encryption.php on line 98.
 1 SYSTEMPATH\Encryption\Encryption.php(98): CodeIgniter\Encryption\Exceptions\EncryptionException::forNoHandlerAvailable('OpenSSL')
 2 SYSTEMPATH\Config\Services.php(250): CodeIgniter\Encryption\Encryption->__construct(Object(Config\Encryption))
 3 SYSTEMPATH\Config\BaseService.php(258): CodeIgniter\Config\Services::encrypter()
 4 APPPATH\Controllers\MoAjax.php(82): CodeIgniter\Config\BaseService::__callStatic('encrypter', [])
 5 SYSTEMPATH\CodeIgniter.php(941): App\Controllers\MoAjax->signUp()
 6 SYSTEMPATH\CodeIgniter.php(502): CodeIgniter\CodeIgniter->runController(Object(App\Controllers\MoAjax))
 7 SYSTEMPATH\CodeIgniter.php(361): CodeIgniter\CodeIgniter->handleRequest(null, Object(Config\Cache), false)
 8 FCPATH\index.php(79): CodeIgniter\CodeIgniter->run()
 9 SYSTEMPATH\Commands\Server\rewrite.php(47): require_once('C:\\matchpi\\matchfy\\index.php')
CRITICAL - 2024-03-10 05:13:52 --> CodeIgniter\Encryption\Exceptions\EncryptionException: Unable to find an available "OpenSSL" encryption handler.
in SYSTEMPATH\Encryption\Encryption.php on line 98.
 1 SYSTEMPATH\Encryption\Encryption.php(98): CodeIgniter\Encryption\Exceptions\EncryptionException::forNoHandlerAvailable('OpenSSL')
 2 SYSTEMPATH\Config\Services.php(250): CodeIgniter\Encryption\Encryption->__construct(Object(Config\Encryption))
 3 SYSTEMPATH\Config\BaseService.php(258): CodeIgniter\Config\Services::encrypter()
 4 APPPATH\Controllers\MoAjax.php(82): CodeIgniter\Config\BaseService::__callStatic('encrypter', [])
 5 SYSTEMPATH\CodeIgniter.php(941): App\Controllers\MoAjax->signUp()
 6 SYSTEMPATH\CodeIgniter.php(502): CodeIgniter\CodeIgniter->runController(Object(App\Controllers\MoAjax))
 7 SYSTEMPATH\CodeIgniter.php(361): CodeIgniter\CodeIgniter->handleRequest(null, Object(Config\Cache), false)
 8 FCPATH\index.php(79): CodeIgniter\CodeIgniter->run()
 9 SYSTEMPATH\Commands\Server\rewrite.php(47): require_once('C:\\matchpi\\matchfy\\index.php')
CRITICAL - 2024-03-10 05:13:55 --> CodeIgniter\Encryption\Exceptions\EncryptionException: Unable to find an available "OpenSSL" encryption handler.
in SYSTEMPATH\Encryption\Encryption.php on line 98.
 1 SYSTEMPATH\Encryption\Encryption.php(98): CodeIgniter\Encryption\Exceptions\EncryptionException::forNoHandlerAvailable('OpenSSL')
 2 SYSTEMPATH\Config\Services.php(250): CodeIgniter\Encryption\Encryption->__construct(Object(Config\Encryption))
 3 SYSTEMPATH\Config\BaseService.php(258): CodeIgniter\Config\Services::encrypter()
 4 APPPATH\Controllers\MoAjax.php(82): CodeIgniter\Config\BaseService::__callStatic('encrypter', [])
 5 SYSTEMPATH\CodeIgniter.php(941): App\Controllers\MoAjax->signUp()
 6 SYSTEMPATH\CodeIgniter.php(502): CodeIgniter\CodeIgniter->runController(Object(App\Controllers\MoAjax))
 7 SYSTEMPATH\CodeIgniter.php(361): CodeIgniter\CodeIgniter->handleRequest(null, Object(Config\Cache), false)
 8 FCPATH\index.php(79): CodeIgniter\CodeIgniter->run()
 9 SYSTEMPATH\Commands\Server\rewrite.php(47): require_once('C:\\matchpi\\matchfy\\index.php')
CRITICAL - 2024-03-10 05:14:48 --> CodeIgniter\Encryption\Exceptions\EncryptionException: Unable to find an available "OpenSSL" encryption handler.
in SYSTEMPATH\Encryption\Encryption.php on line 98.
 1 SYSTEMPATH\Encryption\Encryption.php(98): CodeIgniter\Encryption\Exceptions\EncryptionException::forNoHandlerAvailable('OpenSSL')
 2 SYSTEMPATH\Config\Services.php(250): CodeIgniter\Encryption\Encryption->__construct(Object(Config\Encryption))
 3 SYSTEMPATH\Config\BaseService.php(258): CodeIgniter\Config\Services::encrypter()
 4 APPPATH\Controllers\MoAjax.php(82): CodeIgniter\Config\BaseService::__callStatic('encrypter', [])
 5 SYSTEMPATH\CodeIgniter.php(941): App\Controllers\MoAjax->signUp()
 6 SYSTEMPATH\CodeIgniter.php(502): CodeIgniter\CodeIgniter->runController(Object(App\Controllers\MoAjax))
 7 SYSTEMPATH\CodeIgniter.php(361): CodeIgniter\CodeIgniter->handleRequest(null, Object(Config\Cache), false)
 8 FCPATH\index.php(79): CodeIgniter\CodeIgniter->run()
 9 SYSTEMPATH\Commands\Server\rewrite.php(47): require_once('C:\\matchpi\\matchfy\\index.php')
CRITICAL - 2024-03-10 05:15:05 --> CodeIgniter\Encryption\Exceptions\EncryptionException: Unable to find an available "OpenSSL" encryption handler.
in SYSTEMPATH\Encryption\Encryption.php on line 98.
 1 SYSTEMPATH\Encryption\Encryption.php(98): CodeIgniter\Encryption\Exceptions\EncryptionException::forNoHandlerAvailable('OpenSSL')
 2 SYSTEMPATH\Config\Services.php(250): CodeIgniter\Encryption\Encryption->__construct(Object(Config\Encryption))
 3 SYSTEMPATH\Config\BaseService.php(258): CodeIgniter\Config\Services::encrypter()
 4 APPPATH\Controllers\MoAjax.php(82): CodeIgniter\Config\BaseService::__callStatic('encrypter', [])
 5 SYSTEMPATH\CodeIgniter.php(941): App\Controllers\MoAjax->signUp()
 6 SYSTEMPATH\CodeIgniter.php(502): CodeIgniter\CodeIgniter->runController(Object(App\Controllers\MoAjax))
 7 SYSTEMPATH\CodeIgniter.php(361): CodeIgniter\CodeIgniter->handleRequest(null, Object(Config\Cache), false)
 8 FCPATH\index.php(79): CodeIgniter\CodeIgniter->run()
 9 SYSTEMPATH\Commands\Server\rewrite.php(47): require_once('C:\\matchpi\\matchfy\\index.php')
CRITICAL - 2024-03-10 05:15:07 --> CodeIgniter\Encryption\Exceptions\EncryptionException: Unable to find an available "OpenSSL" encryption handler.
in SYSTEMPATH\Encryption\Encryption.php on line 98.
 1 SYSTEMPATH\Encryption\Encryption.php(98): CodeIgniter\Encryption\Exceptions\EncryptionException::forNoHandlerAvailable('OpenSSL')
 2 SYSTEMPATH\Config\Services.php(250): CodeIgniter\Encryption\Encryption->__construct(Object(Config\Encryption))
 3 SYSTEMPATH\Config\BaseService.php(258): CodeIgniter\Config\Services::encrypter()
 4 APPPATH\Controllers\MoAjax.php(82): CodeIgniter\Config\BaseService::__callStatic('encrypter', [])
 5 SYSTEMPATH\CodeIgniter.php(941): App\Controllers\MoAjax->signUp()
 6 SYSTEMPATH\CodeIgniter.php(502): CodeIgniter\CodeIgniter->runController(Object(App\Controllers\MoAjax))
 7 SYSTEMPATH\CodeIgniter.php(361): CodeIgniter\CodeIgniter->handleRequest(null, Object(Config\Cache), false)
 8 FCPATH\index.php(79): CodeIgniter\CodeIgniter->run()
 9 SYSTEMPATH\Commands\Server\rewrite.php(47): require_once('C:\\matchpi\\matchfy\\index.php')
CRITICAL - 2024-03-10 05:15:10 --> CodeIgniter\Encryption\Exceptions\EncryptionException: Unable to find an available "OpenSSL" encryption handler.
in SYSTEMPATH\Encryption\Encryption.php on line 98.
 1 SYSTEMPATH\Encryption\Encryption.php(98): CodeIgniter\Encryption\Exceptions\EncryptionException::forNoHandlerAvailable('OpenSSL')
 2 SYSTEMPATH\Config\Services.php(250): CodeIgniter\Encryption\Encryption->__construct(Object(Config\Encryption))
 3 SYSTEMPATH\Config\BaseService.php(258): CodeIgniter\Config\Services::encrypter()
 4 APPPATH\Controllers\MoAjax.php(82): CodeIgniter\Config\BaseService::__callStatic('encrypter', [])
 5 SYSTEMPATH\CodeIgniter.php(941): App\Controllers\MoAjax->signUp()
 6 SYSTEMPATH\CodeIgniter.php(502): CodeIgniter\CodeIgniter->runController(Object(App\Controllers\MoAjax))
 7 SYSTEMPATH\CodeIgniter.php(361): CodeIgniter\CodeIgniter->handleRequest(null, Object(Config\Cache), false)
 8 FCPATH\index.php(79): CodeIgniter\CodeIgniter->run()
 9 SYSTEMPATH\Commands\Server\rewrite.php(47): require_once('C:\\matchpi\\matchfy\\index.php')
CRITICAL - 2024-03-10 05:16:33 --> CodeIgniter\Encryption\Exceptions\EncryptionException: Unable to find an available "OpenSSL" encryption handler.
in SYSTEMPATH\Encryption\Encryption.php on line 98.
 1 SYSTEMPATH\Encryption\Encryption.php(98): CodeIgniter\Encryption\Exceptions\EncryptionException::forNoHandlerAvailable('OpenSSL')
 2 SYSTEMPATH\Config\Services.php(250): CodeIgniter\Encryption\Encryption->__construct(Object(Config\Encryption))
 3 SYSTEMPATH\Config\BaseService.php(258): CodeIgniter\Config\Services::encrypter()
 4 APPPATH\Controllers\MoAjax.php(82): CodeIgniter\Config\BaseService::__callStatic('encrypter', [])
 5 SYSTEMPATH\CodeIgniter.php(941): App\Controllers\MoAjax->signUp()
 6 SYSTEMPATH\CodeIgniter.php(502): CodeIgniter\CodeIgniter->runController(Object(App\Controllers\MoAjax))
 7 SYSTEMPATH\CodeIgniter.php(361): CodeIgniter\CodeIgniter->handleRequest(null, Object(Config\Cache), false)
 8 FCPATH\index.php(79): CodeIgniter\CodeIgniter->run()
 9 SYSTEMPATH\Commands\Server\rewrite.php(47): require_once('C:\\matchpi\\matchfy\\index.php')
CRITICAL - 2024-03-10 05:56:26 --> CodeIgniter\Encryption\Exceptions\EncryptionException: Unable to find an available "OpenSSL" encryption handler.
in SYSTEMPATH\Encryption\Encryption.php on line 98.
 1 SYSTEMPATH\Encryption\Encryption.php(98): CodeIgniter\Encryption\Exceptions\EncryptionException::forNoHandlerAvailable('OpenSSL')
 2 SYSTEMPATH\Config\Services.php(250): CodeIgniter\Encryption\Encryption->__construct(Object(Config\Encryption))
 3 SYSTEMPATH\Config\BaseService.php(258): CodeIgniter\Config\Services::encrypter()
 4 APPPATH\Controllers\MoAjax.php(82): CodeIgniter\Config\BaseService::__callStatic('encrypter', [])
 5 SYSTEMPATH\CodeIgniter.php(941): App\Controllers\MoAjax->signUp()
 6 SYSTEMPATH\CodeIgniter.php(502): CodeIgniter\CodeIgniter->runController(Object(App\Controllers\MoAjax))
 7 SYSTEMPATH\CodeIgniter.php(361): CodeIgniter\CodeIgniter->handleRequest(null, Object(Config\Cache), false)
 8 FCPATH\index.php(79): CodeIgniter\CodeIgniter->run()
 9 SYSTEMPATH\Commands\Server\rewrite.php(47): require_once('C:\\matchpi\\matchfy\\index.php')
CRITICAL - 2024-03-10 05:57:39 --> CodeIgniter\Encryption\Exceptions\EncryptionException: Unable to find an available "OpenSSL" encryption handler.
in SYSTEMPATH\Encryption\Encryption.php on line 98.
 1 SYSTEMPATH\Encryption\Encryption.php(98): CodeIgniter\Encryption\Exceptions\EncryptionException::forNoHandlerAvailable('OpenSSL')
 2 SYSTEMPATH\Config\Services.php(250): CodeIgniter\Encryption\Encryption->__construct(Object(Config\Encryption))
 3 SYSTEMPATH\Config\BaseService.php(258): CodeIgniter\Config\Services::encrypter()
 4 APPPATH\Controllers\MoAjax.php(82): CodeIgniter\Config\BaseService::__callStatic('encrypter', [])
 5 SYSTEMPATH\CodeIgniter.php(941): App\Controllers\MoAjax->signUp()
 6 SYSTEMPATH\CodeIgniter.php(502): CodeIgniter\CodeIgniter->runController(Object(App\Controllers\MoAjax))
 7 SYSTEMPATH\CodeIgniter.php(361): CodeIgniter\CodeIgniter->handleRequest(null, Object(Config\Cache), false)
 8 FCPATH\index.php(79): CodeIgniter\CodeIgniter->run()
 9 SYSTEMPATH\Commands\Server\rewrite.php(47): require_once('C:\\matchpi\\matchfy\\index.php')
CRITICAL - 2024-03-10 05:58:18 --> CodeIgniter\Encryption\Exceptions\EncryptionException: Unable to find an available "OpenSSL" encryption handler.
in SYSTEMPATH\Encryption\Encryption.php on line 98.
 1 SYSTEMPATH\Encryption\Encryption.php(98): CodeIgniter\Encryption\Exceptions\EncryptionException::forNoHandlerAvailable('OpenSSL')
 2 SYSTEMPATH\Config\Services.php(250): CodeIgniter\Encryption\Encryption->__construct(Object(Config\Encryption))
 3 SYSTEMPATH\Config\BaseService.php(258): CodeIgniter\Config\Services::encrypter()
 4 APPPATH\Controllers\MoAjax.php(82): CodeIgniter\Config\BaseService::__callStatic('encrypter', [])
 5 SYSTEMPATH\CodeIgniter.php(941): App\Controllers\MoAjax->signUp()
 6 SYSTEMPATH\CodeIgniter.php(502): CodeIgniter\CodeIgniter->runController(Object(App\Controllers\MoAjax))
 7 SYSTEMPATH\CodeIgniter.php(361): CodeIgniter\CodeIgniter->handleRequest(null, Object(Config\Cache), false)
 8 FCPATH\index.php(79): CodeIgniter\CodeIgniter->run()
 9 SYSTEMPATH\Commands\Server\rewrite.php(47): require_once('C:\\matchpi\\matchfy\\index.php')
CRITICAL - 2024-03-10 05:58:28 --> CodeIgniter\Encryption\Exceptions\EncryptionException: Unable to find an available "OpenSSL" encryption handler.
in SYSTEMPATH\Encryption\Encryption.php on line 98.
 1 SYSTEMPATH\Encryption\Encryption.php(98): CodeIgniter\Encryption\Exceptions\EncryptionException::forNoHandlerAvailable('OpenSSL')
 2 SYSTEMPATH\Config\Services.php(250): CodeIgniter\Encryption\Encryption->__construct(Object(Config\Encryption))
 3 SYSTEMPATH\Config\BaseService.php(258): CodeIgniter\Config\Services::encrypter()
 4 APPPATH\Controllers\MoAjax.php(82): CodeIgniter\Config\BaseService::__callStatic('encrypter', [])
 5 SYSTEMPATH\CodeIgniter.php(941): App\Controllers\MoAjax->signUp()
 6 SYSTEMPATH\CodeIgniter.php(502): CodeIgniter\CodeIgniter->runController(Object(App\Controllers\MoAjax))
 7 SYSTEMPATH\CodeIgniter.php(361): CodeIgniter\CodeIgniter->handleRequest(null, Object(Config\Cache), false)
 8 FCPATH\index.php(79): CodeIgniter\CodeIgniter->run()
 9 SYSTEMPATH\Commands\Server\rewrite.php(47): require_once('C:\\matchpi\\matchfy\\index.php')
CRITICAL - 2024-03-10 05:59:58 --> CodeIgniter\Encryption\Exceptions\EncryptionException: Unable to find an available "OpenSSL" encryption handler.
in SYSTEMPATH\Encryption\Encryption.php on line 98.
 1 SYSTEMPATH\Encryption\Encryption.php(98): CodeIgniter\Encryption\Exceptions\EncryptionException::forNoHandlerAvailable('OpenSSL')
 2 SYSTEMPATH\Config\Services.php(250): CodeIgniter\Encryption\Encryption->__construct(Object(Config\Encryption))
 3 SYSTEMPATH\Config\BaseService.php(258): CodeIgniter\Config\Services::encrypter()
 4 APPPATH\Controllers\MoAjax.php(82): CodeIgniter\Config\BaseService::__callStatic('encrypter', [])
 5 SYSTEMPATH\CodeIgniter.php(941): App\Controllers\MoAjax->signUp()
 6 SYSTEMPATH\CodeIgniter.php(502): CodeIgniter\CodeIgniter->runController(Object(App\Controllers\MoAjax))
 7 SYSTEMPATH\CodeIgniter.php(361): CodeIgniter\CodeIgniter->handleRequest(null, Object(Config\Cache), false)
 8 FCPATH\index.php(79): CodeIgniter\CodeIgniter->run()
 9 SYSTEMPATH\Commands\Server\rewrite.php(47): require_once('C:\\matchpi\\matchfy\\index.php')
CRITICAL - 2024-03-10 06:00:05 --> CodeIgniter\Encryption\Exceptions\EncryptionException: Unable to find an available "OpenSSL" encryption handler.
in SYSTEMPATH\Encryption\Encryption.php on line 98.
 1 SYSTEMPATH\Encryption\Encryption.php(98): CodeIgniter\Encryption\Exceptions\EncryptionException::forNoHandlerAvailable('OpenSSL')
 2 SYSTEMPATH\Config\Services.php(250): CodeIgniter\Encryption\Encryption->__construct(Object(Config\Encryption))
 3 SYSTEMPATH\Config\BaseService.php(258): CodeIgniter\Config\Services::encrypter()
 4 APPPATH\Controllers\MoAjax.php(82): CodeIgniter\Config\BaseService::__callStatic('encrypter', [])
 5 SYSTEMPATH\CodeIgniter.php(941): App\Controllers\MoAjax->signUp()
 6 SYSTEMPATH\CodeIgniter.php(502): CodeIgniter\CodeIgniter->runController(Object(App\Controllers\MoAjax))
 7 SYSTEMPATH\CodeIgniter.php(361): CodeIgniter\CodeIgniter->handleRequest(null, Object(Config\Cache), false)
 8 FCPATH\index.php(79): CodeIgniter\CodeIgniter->run()
 9 SYSTEMPATH\Commands\Server\rewrite.php(47): require_once('C:\\matchpi\\matchfy\\index.php')
CRITICAL - 2024-03-10 06:01:56 --> CodeIgniter\Encryption\Exceptions\EncryptionException: Unable to find an available "OpenSSL" encryption handler.
in SYSTEMPATH\Encryption\Encryption.php on line 98.
 1 SYSTEMPATH\Encryption\Encryption.php(98): CodeIgniter\Encryption\Exceptions\EncryptionException::forNoHandlerAvailable('OpenSSL')
 2 SYSTEMPATH\Config\Services.php(250): CodeIgniter\Encryption\Encryption->__construct(Object(Config\Encryption))
 3 SYSTEMPATH\Config\BaseService.php(258): CodeIgniter\Config\Services::encrypter()
 4 APPPATH\Controllers\MoAjax.php(82): CodeIgniter\Config\BaseService::__callStatic('encrypter', [])
 5 SYSTEMPATH\CodeIgniter.php(941): App\Controllers\MoAjax->signUp()
 6 SYSTEMPATH\CodeIgniter.php(502): CodeIgniter\CodeIgniter->runController(Object(App\Controllers\MoAjax))
 7 SYSTEMPATH\CodeIgniter.php(361): CodeIgniter\CodeIgniter->handleRequest(null, Object(Config\Cache), false)
 8 FCPATH\index.php(79): CodeIgniter\CodeIgniter->run()
 9 SYSTEMPATH\Commands\Server\rewrite.php(47): require_once('C:\\matchpi\\matchfy\\index.php')
CRITICAL - 2024-03-10 06:02:44 --> CodeIgniter\Encryption\Exceptions\EncryptionException: Unable to find an available "OpenSSL" encryption handler.
in SYSTEMPATH\Encryption\Encryption.php on line 98.
 1 SYSTEMPATH\Encryption\Encryption.php(98): CodeIgniter\Encryption\Exceptions\EncryptionException::forNoHandlerAvailable('OpenSSL')
 2 SYSTEMPATH\Config\Services.php(250): CodeIgniter\Encryption\Encryption->__construct(Object(Config\Encryption))
 3 SYSTEMPATH\Config\BaseService.php(258): CodeIgniter\Config\Services::encrypter()
 4 APPPATH\Controllers\MoAjax.php(82): CodeIgniter\Config\BaseService::__callStatic('encrypter', [])
 5 SYSTEMPATH\CodeIgniter.php(941): App\Controllers\MoAjax->signUp()
 6 SYSTEMPATH\CodeIgniter.php(502): CodeIgniter\CodeIgniter->runController(Object(App\Controllers\MoAjax))
 7 SYSTEMPATH\CodeIgniter.php(361): CodeIgniter\CodeIgniter->handleRequest(null, Object(Config\Cache), false)
 8 FCPATH\index.php(79): CodeIgniter\CodeIgniter->run()
 9 SYSTEMPATH\Commands\Server\rewrite.php(47): require_once('C:\\matchpi\\matchfy\\index.php')
CRITICAL - 2024-03-10 06:02:53 --> CodeIgniter\Encryption\Exceptions\EncryptionException: Unable to find an available "OpenSSL" encryption handler.
in SYSTEMPATH\Encryption\Encryption.php on line 98.
 1 SYSTEMPATH\Encryption\Encryption.php(98): CodeIgniter\Encryption\Exceptions\EncryptionException::forNoHandlerAvailable('OpenSSL')
 2 SYSTEMPATH\Config\Services.php(250): CodeIgniter\Encryption\Encryption->__construct(Object(Config\Encryption))
 3 SYSTEMPATH\Config\BaseService.php(258): CodeIgniter\Config\Services::encrypter()
 4 APPPATH\Controllers\MoAjax.php(82): CodeIgniter\Config\BaseService::__callStatic('encrypter', [])
 5 SYSTEMPATH\CodeIgniter.php(941): App\Controllers\MoAjax->signUp()
 6 SYSTEMPATH\CodeIgniter.php(502): CodeIgniter\CodeIgniter->runController(Object(App\Controllers\MoAjax))
 7 SYSTEMPATH\CodeIgniter.php(361): CodeIgniter\CodeIgniter->handleRequest(null, Object(Config\Cache), false)
 8 FCPATH\index.php(79): CodeIgniter\CodeIgniter->run()
 9 SYSTEMPATH\Commands\Server\rewrite.php(47): require_once('C:\\matchpi\\matchfy\\index.php')
CRITICAL - 2024-03-10 06:03:02 --> CodeIgniter\Encryption\Exceptions\EncryptionException: Unable to find an available "OpenSSL" encryption handler.
in SYSTEMPATH\Encryption\Encryption.php on line 98.
 1 SYSTEMPATH\Encryption\Encryption.php(98): CodeIgniter\Encryption\Exceptions\EncryptionException::forNoHandlerAvailable('OpenSSL')
 2 SYSTEMPATH\Config\Services.php(250): CodeIgniter\Encryption\Encryption->__construct(Object(Config\Encryption))
 3 SYSTEMPATH\Config\BaseService.php(258): CodeIgniter\Config\Services::encrypter()
 4 APPPATH\Controllers\MoAjax.php(82): CodeIgniter\Config\BaseService::__callStatic('encrypter', [])
 5 SYSTEMPATH\CodeIgniter.php(941): App\Controllers\MoAjax->signUp()
 6 SYSTEMPATH\CodeIgniter.php(502): CodeIgniter\CodeIgniter->runController(Object(App\Controllers\MoAjax))
 7 SYSTEMPATH\CodeIgniter.php(361): CodeIgniter\CodeIgniter->handleRequest(null, Object(Config\Cache), false)
 8 FCPATH\index.php(79): CodeIgniter\CodeIgniter->run()
 9 SYSTEMPATH\Commands\Server\rewrite.php(47): require_once('C:\\matchpi\\matchfy\\index.php')
CRITICAL - 2024-03-10 06:03:40 --> CodeIgniter\Encryption\Exceptions\EncryptionException: Unable to find an available "OpenSSL" encryption handler.
in SYSTEMPATH\Encryption\Encryption.php on line 98.
 1 SYSTEMPATH\Encryption\Encryption.php(98): CodeIgniter\Encryption\Exceptions\EncryptionException::forNoHandlerAvailable('OpenSSL')
 2 SYSTEMPATH\Config\Services.php(250): CodeIgniter\Encryption\Encryption->__construct(Object(Config\Encryption))
 3 SYSTEMPATH\Config\BaseService.php(258): CodeIgniter\Config\Services::encrypter()
 4 APPPATH\Controllers\MoAjax.php(82): CodeIgniter\Config\BaseService::__callStatic('encrypter', [])
 5 SYSTEMPATH\CodeIgniter.php(941): App\Controllers\MoAjax->signUp()
 6 SYSTEMPATH\CodeIgniter.php(502): CodeIgniter\CodeIgniter->runController(Object(App\Controllers\MoAjax))
 7 SYSTEMPATH\CodeIgniter.php(361): CodeIgniter\CodeIgniter->handleRequest(null, Object(Config\Cache), false)
 8 FCPATH\index.php(79): CodeIgniter\CodeIgniter->run()
 9 SYSTEMPATH\Commands\Server\rewrite.php(47): require_once('C:\\matchpi\\matchfy\\index.php')
CRITICAL - 2024-03-10 06:04:33 --> CodeIgniter\Encryption\Exceptions\EncryptionException: Unable to find an available "OpenSSL" encryption handler.
in SYSTEMPATH\Encryption\Encryption.php on line 98.
 1 SYSTEMPATH\Encryption\Encryption.php(98): CodeIgniter\Encryption\Exceptions\EncryptionException::forNoHandlerAvailable('OpenSSL')
 2 SYSTEMPATH\Config\Services.php(250): CodeIgniter\Encryption\Encryption->__construct(Object(Config\Encryption))
 3 SYSTEMPATH\Config\BaseService.php(258): CodeIgniter\Config\Services::encrypter()
 4 APPPATH\Controllers\MoAjax.php(82): CodeIgniter\Config\BaseService::__callStatic('encrypter', [])
 5 SYSTEMPATH\CodeIgniter.php(941): App\Controllers\MoAjax->signUp()
 6 SYSTEMPATH\CodeIgniter.php(502): CodeIgniter\CodeIgniter->runController(Object(App\Controllers\MoAjax))
 7 SYSTEMPATH\CodeIgniter.php(361): CodeIgniter\CodeIgniter->handleRequest(null, Object(Config\Cache), false)
 8 FCPATH\index.php(79): CodeIgniter\CodeIgniter->run()
 9 SYSTEMPATH\Commands\Server\rewrite.php(47): require_once('C:\\matchpi\\matchfy\\index.php')
CRITICAL - 2024-03-10 06:05:30 --> CodeIgniter\Encryption\Exceptions\EncryptionException: Unable to find an available "OpenSSL" encryption handler.
in SYSTEMPATH\Encryption\Encryption.php on line 98.
 1 SYSTEMPATH\Encryption\Encryption.php(98): CodeIgniter\Encryption\Exceptions\EncryptionException::forNoHandlerAvailable('OpenSSL')
 2 SYSTEMPATH\Config\Services.php(250): CodeIgniter\Encryption\Encryption->__construct(Object(Config\Encryption))
 3 SYSTEMPATH\Config\BaseService.php(258): CodeIgniter\Config\Services::encrypter()
 4 APPPATH\Controllers\MoAjax.php(82): CodeIgniter\Config\BaseService::__callStatic('encrypter', [])
 5 SYSTEMPATH\CodeIgniter.php(941): App\Controllers\MoAjax->signUp()
 6 SYSTEMPATH\CodeIgniter.php(502): CodeIgniter\CodeIgniter->runController(Object(App\Controllers\MoAjax))
 7 SYSTEMPATH\CodeIgniter.php(361): CodeIgniter\CodeIgniter->handleRequest(null, Object(Config\Cache), false)
 8 FCPATH\index.php(79): CodeIgniter\CodeIgniter->run()
 9 SYSTEMPATH\Commands\Server\rewrite.php(47): require_once('C:\\matchpi\\matchfy\\index.php')
CRITICAL - 2024-03-10 06:05:33 --> CodeIgniter\Encryption\Exceptions\EncryptionException: Unable to find an available "OpenSSL" encryption handler.
in SYSTEMPATH\Encryption\Encryption.php on line 98.
 1 SYSTEMPATH\Encryption\Encryption.php(98): CodeIgniter\Encryption\Exceptions\EncryptionException::forNoHandlerAvailable('OpenSSL')
 2 SYSTEMPATH\Config\Services.php(250): CodeIgniter\Encryption\Encryption->__construct(Object(Config\Encryption))
 3 SYSTEMPATH\Config\BaseService.php(258): CodeIgniter\Config\Services::encrypter()
 4 APPPATH\Controllers\MoAjax.php(82): CodeIgniter\Config\BaseService::__callStatic('encrypter', [])
 5 SYSTEMPATH\CodeIgniter.php(941): App\Controllers\MoAjax->signUp()
 6 SYSTEMPATH\CodeIgniter.php(502): CodeIgniter\CodeIgniter->runController(Object(App\Controllers\MoAjax))
 7 SYSTEMPATH\CodeIgniter.php(361): CodeIgniter\CodeIgniter->handleRequest(null, Object(Config\Cache), false)
 8 FCPATH\index.php(79): CodeIgniter\CodeIgniter->run()
 9 SYSTEMPATH\Commands\Server\rewrite.php(47): require_once('C:\\matchpi\\matchfy\\index.php')
CRITICAL - 2024-03-10 06:05:44 --> CodeIgniter\Encryption\Exceptions\EncryptionException: Unable to find an available "OpenSSL" encryption handler.
in SYSTEMPATH\Encryption\Encryption.php on line 98.
 1 SYSTEMPATH\Encryption\Encryption.php(98): CodeIgniter\Encryption\Exceptions\EncryptionException::forNoHandlerAvailable('OpenSSL')
 2 SYSTEMPATH\Config\Services.php(250): CodeIgniter\Encryption\Encryption->__construct(Object(Config\Encryption))
 3 SYSTEMPATH\Config\BaseService.php(258): CodeIgniter\Config\Services::encrypter()
 4 APPPATH\Controllers\MoAjax.php(82): CodeIgniter\Config\BaseService::__callStatic('encrypter', [])
 5 SYSTEMPATH\CodeIgniter.php(941): App\Controllers\MoAjax->signUp()
 6 SYSTEMPATH\CodeIgniter.php(502): CodeIgniter\CodeIgniter->runController(Object(App\Controllers\MoAjax))
 7 SYSTEMPATH\CodeIgniter.php(361): CodeIgniter\CodeIgniter->handleRequest(null, Object(Config\Cache), false)
 8 FCPATH\index.php(79): CodeIgniter\CodeIgniter->run()
 9 SYSTEMPATH\Commands\Server\rewrite.php(47): require_once('C:\\matchpi\\matchfy\\index.php')
CRITICAL - 2024-03-10 06:10:22 --> CodeIgniter\Encryption\Exceptions\EncryptionException: Unable to find an available "OpenSSL" encryption handler.
in SYSTEMPATH\Encryption\Encryption.php on line 98.
 1 SYSTEMPATH\Encryption\Encryption.php(98): CodeIgniter\Encryption\Exceptions\EncryptionException::forNoHandlerAvailable('OpenSSL')
 2 SYSTEMPATH\Config\Services.php(250): CodeIgniter\Encryption\Encryption->__construct(Object(Config\Encryption))
 3 SYSTEMPATH\Config\BaseService.php(258): CodeIgniter\Config\Services::encrypter()
 4 APPPATH\Controllers\MoAjax.php(53): CodeIgniter\Config\BaseService::__callStatic('encrypter', [])
 5 SYSTEMPATH\CodeIgniter.php(941): App\Controllers\MoAjax->signUp()
 6 SYSTEMPATH\CodeIgniter.php(502): CodeIgniter\CodeIgniter->runController(Object(App\Controllers\MoAjax))
 7 SYSTEMPATH\CodeIgniter.php(361): CodeIgniter\CodeIgniter->handleRequest(null, Object(Config\Cache), false)
 8 FCPATH\index.php(79): CodeIgniter\CodeIgniter->run()
 9 SYSTEMPATH\Commands\Server\rewrite.php(47): require_once('C:\\matchpi\\matchfy\\index.php')
CRITICAL - 2024-03-10 06:10:41 --> CodeIgniter\Encryption\Exceptions\EncryptionException: Unable to find an available "OpenSSL" encryption handler.
in SYSTEMPATH\Encryption\Encryption.php on line 98.
 1 SYSTEMPATH\Encryption\Encryption.php(98): CodeIgniter\Encryption\Exceptions\EncryptionException::forNoHandlerAvailable('OpenSSL')
 2 SYSTEMPATH\Config\Services.php(250): CodeIgniter\Encryption\Encryption->__construct(Object(Config\Encryption))
 3 SYSTEMPATH\Config\BaseService.php(258): CodeIgniter\Config\Services::encrypter()
 4 APPPATH\Controllers\MoAjax.php(53): CodeIgniter\Config\BaseService::__callStatic('encrypter', [])
 5 SYSTEMPATH\CodeIgniter.php(941): App\Controllers\MoAjax->signUp()
 6 SYSTEMPATH\CodeIgniter.php(502): CodeIgniter\CodeIgniter->runController(Object(App\Controllers\MoAjax))
 7 SYSTEMPATH\CodeIgniter.php(361): CodeIgniter\CodeIgniter->handleRequest(null, Object(Config\Cache), false)
 8 FCPATH\index.php(79): CodeIgniter\CodeIgniter->run()
 9 SYSTEMPATH\Commands\Server\rewrite.php(47): require_once('C:\\matchpi\\matchfy\\index.php')
CRITICAL - 2024-03-10 06:14:13 --> CodeIgniter\Encryption\Exceptions\EncryptionException: Unable to find an available "OpenSSL" encryption handler.
in SYSTEMPATH\Encryption\Encryption.php on line 98.
 1 SYSTEMPATH\Encryption\Encryption.php(98): CodeIgniter\Encryption\Exceptions\EncryptionException::forNoHandlerAvailable('OpenSSL')
 2 SYSTEMPATH\Config\Services.php(250): CodeIgniter\Encryption\Encryption->__construct(Object(Config\Encryption))
 3 SYSTEMPATH\Config\BaseService.php(258): CodeIgniter\Config\Services::encrypter()
 4 APPPATH\Controllers\MoAjax.php(53): CodeIgniter\Config\BaseService::__callStatic('encrypter', [])
 5 SYSTEMPATH\CodeIgniter.php(941): App\Controllers\MoAjax->signUp()
 6 SYSTEMPATH\CodeIgniter.php(502): CodeIgniter\CodeIgniter->runController(Object(App\Controllers\MoAjax))
 7 SYSTEMPATH\CodeIgniter.php(361): CodeIgniter\CodeIgniter->handleRequest(null, Object(Config\Cache), false)
 8 FCPATH\index.php(79): CodeIgniter\CodeIgniter->run()
 9 SYSTEMPATH\Commands\Server\rewrite.php(47): require_once('C:\\matchpi\\matchfy\\index.php')
CRITICAL - 2024-03-10 07:09:34 --> Error: Call to a member function getError() on null
in APPPATH\Views\mo_signin.php on line 56.
 1 SYSTEMPATH\View\View.php(228): include()
 2 SYSTEMPATH\View\View.php(231): CodeIgniter\View\View->CodeIgniter\View\{closure}()
 3 SYSTEMPATH\Common.php(1178): CodeIgniter\View\View->render('mo_signin', [], true)
 4 APPPATH\Controllers\MoHome.php(34): view('mo_signin', [...])
 5 SYSTEMPATH\CodeIgniter.php(941): App\Controllers\MoHome->signin()
 6 SYSTEMPATH\CodeIgniter.php(502): CodeIgniter\CodeIgniter->runController(Object(App\Controllers\MoHome))
 7 SYSTEMPATH\CodeIgniter.php(361): CodeIgniter\CodeIgniter->handleRequest(null, Object(Config\Cache), false)
 8 FCPATH\index.php(79): CodeIgniter\CodeIgniter->run()
 9 SYSTEMPATH\Commands\Server\rewrite.php(47): require_once('C:\\matchpi\\matchfy\\index.php')
